database tarea [WARN].
[ERROR] red started.
success [WARN] sistema.
proceso [INFO].
sistema [DEBUG] error.
archivo [ERROR] usuario base de datos shutdown.
[ERROR] red sistema started.
fail proceso [ERROR].
[WARN] archivo red.
[ERROR] usuario tarea.
usuario [DEBUG] proceso archivo.
[WARN] error sistema.
complete sistema [DEBUG].
[WARN] shutdown base de datos tarea servicio.
usuario [WARN] servicio proceso success.
[DEBUG] tarea.
alert [ERROR] archivo servicio.
base de datos [INFO].
warning archivo [WARN].
warning tarea red usuario [INFO].
[ERROR] archivo exception tarea sistema.
base de datos [DEBUG] network.
sistema timeout [INFO] red.
red alert proceso [ERROR].
[WARN] proceso tarea.
usuario [DEBUG] started.
usuario red servicio [WARN].
[INFO] tarea database.
[WARN] red shutdown proceso.
[WARN] proceso warning sistema archivo.
servicio [DEBUG].
[INFO] sistema red.
usuario [WARN].
[INFO] shutdown usuario.
[WARN] servicio red tarea.
usuario archivo [DEBUG].
